<?xml version="1.0" encoding="UTF-8"?>
<!-- Generated by org.testng.reporters.JUnitReportReporter -->
<testsuite hostname="AliyaVasu" failures="0" tests="4" name="com.OrangeHRM.TS002" time="37.176" errors="0" timestamp="2023-05-02T11:56:50 IST" skipped="0">
  <testcase classname="com.OrangeHRM.TS002" name="TC001" time="9.605"/>
  <system-out/>
  <testcase classname="com.OrangeHRM.TS002" name="TC002" time="9.747"/>
  <system-out/>
  <testcase classname="com.OrangeHRM.TS002" name="TC003" time="9.574"/>
  <system-out/>
  <testcase classname="com.OrangeHRM.TS002" name="TC004" time="8.250"/>
  <system-out/>
</testsuite> <!-- com.OrangeHRM.TS002 -->
