<?xml version="1.0" encoding="UTF-8"?>
<!-- Generated by org.testng.reporters.JUnitReportReporter -->
<testsuite hostname="AliyaVasu" failures="0" tests="5" name="com.OrangeHRM.TS1Login" time="6.000" errors="0" timestamp="2023-05-02T11:56:50 IST" skipped="0">
  <testcase classname="com.OrangeHRM.TS1Login" name="Test5" time="0.073"/>
  <system-out/>
  <testcase classname="com.OrangeHRM.TS1Login" name="Test3" time="0.063"/>
  <system-out/>
  <testcase classname="com.OrangeHRM.TS1Login" name="Test4" time="0.079"/>
  <system-out/>
  <testcase classname="com.OrangeHRM.TS1Login" name="Test1" time="0.011"/>
  <system-out/>
  <testcase classname="com.OrangeHRM.TS1Login" name="Test2" time="5.774"/>
  <system-out/>
</testsuite> <!-- com.OrangeHRM.TS1Login -->
