<?xml version="1.0" encoding="UTF-8"?>
<!-- Generated by org.testng.reporters.JUnitReportReporter -->
<testsuite hostname="AliyaVasu" failures="0" tests="7" name="com.OrangeHRM.TS6" time="21.092" errors="0" timestamp="2023-05-02T23:06:12 IST" skipped="0">
  <testcase classname="com.OrangeHRM.TS6" name="TC001" time="1.718"/>
  <system-out/>
  <testcase classname="com.OrangeHRM.TS6" name="TC002" time="1.056"/>
  <system-out/>
  <testcase classname="com.OrangeHRM.TS6" name="TC003" time="2.736"/>
  <system-out/>
  <testcase classname="com.OrangeHRM.TS6" name="TC004" time="4.042"/>
  <system-out/>
  <testcase classname="com.OrangeHRM.TS6" name="TC005" time="2.615"/>
  <system-out/>
  <testcase classname="com.OrangeHRM.TS6" name="TC006" time="3.993"/>
  <system-out/>
  <testcase classname="com.OrangeHRM.TS6" name="TC007" time="4.932"/>
  <system-out/>
</testsuite> <!-- com.OrangeHRM.TS6 -->
