<?xml version="1.0" encoding="UTF-8"?>
<!-- Generated by org.testng.reporters.JUnitReportReporter -->
<testsuite hostname="AliyaVasu" failures="0" tests="8" name="com.OrangeHRM.TS4" time="41.615" errors="0" timestamp="2023-05-02T23:06:12 IST" skipped="0">
  <testcase classname="com.OrangeHRM.TS4" name="TC001" time="2.561"/>
  <system-out/>
  <testcase classname="com.OrangeHRM.TS4" name="TC002" time="2.826"/>
  <system-out/>
  <testcase classname="com.OrangeHRM.TS4" name="TC003" time="7.557"/>
  <system-out/>
  <testcase classname="com.OrangeHRM.TS4" name="TC004" time="3.344"/>
  <system-out/>
  <testcase classname="com.OrangeHRM.TS4" name="TC005" time="6.748"/>
  <system-out/>
  <testcase classname="com.OrangeHRM.TS4" name="TC006" time="5.097"/>
  <system-out/>
  <testcase classname="com.OrangeHRM.TS4" name="TC007" time="5.637"/>
  <system-out/>
  <testcase classname="com.OrangeHRM.TS4" name="TC008" time="7.845"/>
  <system-out/>
</testsuite> <!-- com.OrangeHRM.TS4 -->
