<?xml version="1.0" encoding="UTF-8"?>
<!-- Generated by org.testng.reporters.JUnitReportReporter -->
<testsuite hostname="AliyaVasu" failures="0" tests="5" name="com.OrangeHRM.TS1" time="5.955" errors="0" timestamp="2023-05-02T23:06:12 IST" skipped="0">
  <testcase classname="com.OrangeHRM.TS1" name="Test1" time="0.025"/>
  <system-out/>
  <testcase classname="com.OrangeHRM.TS1" name="Test2" time="5.729"/>
  <system-out/>
  <testcase classname="com.OrangeHRM.TS1" name="Test3" time="0.064"/>
  <system-out/>
  <testcase classname="com.OrangeHRM.TS1" name="Test4" time="0.065"/>
  <system-out/>
  <testcase classname="com.OrangeHRM.TS1" name="Test5" time="0.072"/>
  <system-out/>
</testsuite> <!-- com.OrangeHRM.TS1 -->
