<?xml version="1.0" encoding="UTF-8"?>
<!-- Generated by org.testng.reporters.JUnitReportReporter -->
<testsuite hostname="AliyaVasu" failures="0" tests="8" name="com.OrangeHRM.TS5" time="26.082" errors="0" timestamp="2023-05-02T23:06:12 IST" skipped="0">
  <testcase classname="com.OrangeHRM.TS5" name="TC001" time="0.607"/>
  <system-out/>
  <testcase classname="com.OrangeHRM.TS5" name="TC002" time="1.627"/>
  <system-out/>
  <testcase classname="com.OrangeHRM.TS5" name="TC003" time="2.094"/>
  <system-out/>
  <testcase classname="com.OrangeHRM.TS5" name="TC004" time="3.048"/>
  <system-out/>
  <testcase classname="com.OrangeHRM.TS5" name="TC005" time="6.625"/>
  <system-out/>
  <testcase classname="com.OrangeHRM.TS5" name="TC006" time="2.605"/>
  <system-out/>
  <testcase classname="com.OrangeHRM.TS5" name="TC007" time="4.006"/>
  <system-out/>
  <testcase classname="com.OrangeHRM.TS5" name="TC008" time="5.470"/>
  <system-out/>
</testsuite> <!-- com.OrangeHRM.TS5 -->
