<?xml version="1.0" encoding="UTF-8"?>
<!-- Generated by org.testng.reporters.JUnitReportReporter -->
<testsuite hostname="AliyaVasu" failures="0" tests="4" name="com.OrangeHRM.TS2" time="56.560" errors="0" timestamp="2023-05-02T23:06:12 IST" skipped="0">
  <testcase classname="com.OrangeHRM.TS2" name="TC001" time="16.340"/>
  <system-out/>
  <testcase classname="com.OrangeHRM.TS2" name="TC002" time="14.296"/>
  <system-out/>
  <testcase classname="com.OrangeHRM.TS2" name="TC003" time="11.516"/>
  <system-out/>
  <testcase classname="com.OrangeHRM.TS2" name="TC004" time="14.408"/>
  <system-out/>
</testsuite> <!-- com.OrangeHRM.TS2 -->
