<?xml version="1.0" encoding="UTF-8"?>
<!-- Generated by org.testng.reporters.JUnitReportReporter -->
<testsuite hostname="AliyaVasu" failures="0" tests="6" name="com.OrangeHRM.TS7" time="16.477" errors="0" timestamp="2023-05-02T23:06:12 IST" skipped="0">
  <testcase classname="com.OrangeHRM.TS7" name="TC001" time="0.969"/>
  <system-out/>
  <testcase classname="com.OrangeHRM.TS7" name="TC002" time="1.023"/>
  <system-out/>
  <testcase classname="com.OrangeHRM.TS7" name="TC003" time="1.999"/>
  <system-out/>
  <testcase classname="com.OrangeHRM.TS7" name="TC004" time="4.042"/>
  <system-out/>
  <testcase classname="com.OrangeHRM.TS7" name="TC005" time="2.771"/>
  <system-out/>
  <testcase classname="com.OrangeHRM.TS7" name="TC006" time="5.673"/>
  <system-out/>
</testsuite> <!-- com.OrangeHRM.TS7 -->
