<?xml version="1.0" encoding="UTF-8"?>
<!-- Generated by org.testng.reporters.JUnitReportReporter -->
<testsuite hostname="AliyaVasu" failures="0" tests="12" name="com.OrangeHRM.TS3" time="38.631" errors="0" timestamp="2023-05-02T23:06:12 IST" skipped="0">
  <testcase classname="com.OrangeHRM.TS3" name="TC001" time="2.553"/>
  <system-out/>
  <testcase classname="com.OrangeHRM.TS3" name="TC002" time="1.491"/>
  <system-out/>
  <testcase classname="com.OrangeHRM.TS3" name="TC003" time="2.149"/>
  <system-out/>
  <testcase classname="com.OrangeHRM.TS3" name="TC004" time="1.884"/>
  <system-out/>
  <testcase classname="com.OrangeHRM.TS3" name="TC005" time="1.777"/>
  <system-out/>
  <testcase classname="com.OrangeHRM.TS3" name="TC006" time="1.522"/>
  <system-out/>
  <testcase classname="com.OrangeHRM.TS3" name="TC007" time="5.953"/>
  <system-out/>
  <testcase classname="com.OrangeHRM.TS3" name="TC008" time="2.799"/>
  <system-out/>
  <testcase classname="com.OrangeHRM.TS3" name="TC009" time="3.992"/>
  <system-out/>
  <testcase classname="com.OrangeHRM.TS3" name="TC010" time="6.111"/>
  <system-out/>
  <testcase classname="com.OrangeHRM.TS3" name="TC011" time="3.664"/>
  <system-out/>
  <testcase classname="com.OrangeHRM.TS3" name="TC012" time="4.736"/>
  <system-out/>
</testsuite> <!-- com.OrangeHRM.TS3 -->
